

Microchip MPLAB XC8 Assembler V2.30 build 20200825195618 
                                                                                               Wed Aug 11 17:22:34 2021

Microchip MPLAB XC8 C Compiler v2.30 (Free license) build 20200825195618 Og1 
     1                           	processor	12F683
     2                           	pagewidth 120
     3                           	opt	flic
     4                           	psect	cinit,global,class=CODE,merge=1,delta=2
     5                           	psect	cstackCOMMON,global,class=COMMON,space=1,delta=1,noexec
     6                           	psect	maintext,global,class=CODE,split=1,delta=2
     7                           	psect	text1,local,class=CODE,merge=1,delta=2
     8                           	psect	config,global,abs,ovrld,class=CONFIG,space=4,delta=2,noexec
     9                           	dabs	1,0x7E,2
    10  0000                     
    11                           ; Version 2.20
    12                           ; Generated 29/04/2020 GMT
    13                           ; 
    14                           ; Copyright © 2020, Microchip Technology Inc. and its subsidiaries ("Microchip")
    15                           ; All rights reserved.
    16                           ; 
    17                           ; This software is developed by Microchip Technology Inc. and its subsidiaries ("Microch
      +                          ip").
    18                           ; 
    19                           ; Redistribution and use in source and binary forms, with or without modification, are
    20                           ; permitted provided that the following conditions are met:
    21                           ; 
    22                           ;     1. Redistributions of source code must retain the above copyright notice, this lis
      +                          t of
    23                           ;        conditions and the following disclaimer.
    24                           ; 
    25                           ;     2. Redistributions in binary form must reproduce the above copyright notice, this 
      +                          list
    26                           ;        of conditions and the following disclaimer in the documentation and/or other
    27                           ;        materials provided with the distribution.
    28                           ; 
    29                           ;     3. Microchip's name may not be used to endorse or promote products derived from th
      +                          is
    30                           ;        software without specific prior written permission.
    31                           ; 
    32                           ; THIS SOFTWARE IS PROVIDED BY MICROCHIP "AS IS" AND ANY EXPRESS OR IMPLIED WARRANTIES,
    33                           ; INCLUDING, BUT NOT LIMITED TO, THE IMPLIED WARRANTIES OF MERCHANTABILITY AND FITNESS F
      +                          OR
    34                           ; PURPOSE ARE DISCLAIMED.  IN NO EVENT SHALL MICROCHIP BE LIABLE FOR ANY DIRECT, INDIREC
      +                          T,
    35                           ; INCIDENTAL, SPECIAL, EXEMPLARY, OR CONSEQUENTIAL DAMAGES (INCLUDING BUT NOT LIMITED TO
    36                           ; PROCUREMENT OF SUBSTITUTE GOODS OR SERVICES; LOSS OF USE, DATA OR PROFITS; OR BUSINESS
    37                           ; INTERRUPTION) HOWSOEVER CAUSED AND ON ANY THEORY OF LIABILITY, WHETHER IN CONTRACT, ST
      +                          RICT
    38                           ; LIABILITY, OR TORT (INCLUDING NEGLIGENCE OR OTHERWISE) ARISING IN ANY WAY OUT OF THE U
      +                          SE OF
    39                           ; THIS SOFTWARE, EVEN IF ADVISED OF THE POSSIBILITY OF SUCH DAMAGE.
    40                           ; 
    41                           ; 
    42                           ; Code-generator required, PIC12F683 Definitions
    43                           ; 
    44                           ; SFR Addresses
    45  0000                     	;# 
    46  0001                     	;# 
    47  0002                     	;# 
    48  0003                     	;# 
    49  0004                     	;# 
    50  0005                     	;# 
    51  000A                     	;# 
    52  000B                     	;# 
    53  000C                     	;# 
    54  000E                     	;# 
    55  000E                     	;# 
    56  000F                     	;# 
    57  0010                     	;# 
    58  0011                     	;# 
    59  0012                     	;# 
    60  0013                     	;# 
    61  0013                     	;# 
    62  0014                     	;# 
    63  0015                     	;# 
    64  0018                     	;# 
    65  0019                     	;# 
    66  001A                     	;# 
    67  001E                     	;# 
    68  001F                     	;# 
    69  0081                     	;# 
    70  0085                     	;# 
    71  008C                     	;# 
    72  008E                     	;# 
    73  008F                     	;# 
    74  0090                     	;# 
    75  0092                     	;# 
    76  0095                     	;# 
    77  0095                     	;# 
    78  0096                     	;# 
    79  0096                     	;# 
    80  0099                     	;# 
    81  009A                     	;# 
    82  009A                     	;# 
    83  009B                     	;# 
    84  009C                     	;# 
    85  009D                     	;# 
    86  009E                     	;# 
    87  009F                     	;# 
    88  0000                     	;# 
    89  0001                     	;# 
    90  0002                     	;# 
    91  0003                     	;# 
    92  0004                     	;# 
    93  0005                     	;# 
    94  000A                     	;# 
    95  000B                     	;# 
    96  000C                     	;# 
    97  000E                     	;# 
    98  000E                     	;# 
    99  000F                     	;# 
   100  0010                     	;# 
   101  0011                     	;# 
   102  0012                     	;# 
   103  0013                     	;# 
   104  0013                     	;# 
   105  0014                     	;# 
   106  0015                     	;# 
   107  0018                     	;# 
   108  0019                     	;# 
   109  001A                     	;# 
   110  001E                     	;# 
   111  001F                     	;# 
   112  0081                     	;# 
   113  0085                     	;# 
   114  008C                     	;# 
   115  008E                     	;# 
   116  008F                     	;# 
   117  0090                     	;# 
   118  0092                     	;# 
   119  0095                     	;# 
   120  0095                     	;# 
   121  0096                     	;# 
   122  0096                     	;# 
   123  0099                     	;# 
   124  009A                     	;# 
   125  009A                     	;# 
   126  009B                     	;# 
   127  009C                     	;# 
   128  009D                     	;# 
   129  009E                     	;# 
   130  009F                     	;# 
   131  0019                     _CMCON0	set	25
   132  0005                     _GPIO	set	5
   133  002A                     _GP2	set	42
   134  0028                     _GP0	set	40
   135  002D                     _GP5	set	45
   136  0085                     _TRISIO	set	133
   137  009F                     _ANSEL	set	159
   138  042D                     _TRISIO5	set	1069
   139                           
   140                           	psect	cinit
   141  07FE                     start_initialization:	
   142                           ; #config settings
   143                           
   144  07FE                     __initialization:
   145  07FE                     end_of_initialization:	
   146                           ;End of C runtime variable initialization code
   147                           
   148  07FE                     __end_of__initialization:
   149  07FE  0183               	clrf	3
   150  07FF  2FB4               	ljmp	_main	;jump to C main() function
   151                           
   152                           	psect	cstackCOMMON
   153  0070                     __pcstackCOMMON:
   154  0070                     ?_SendSignal:
   155  0070                     ??_SendSignal:	
   156                           ; 1 bytes @ 0x0
   157                           
   158  0070                     ?_main:	
   159                           ; 1 bytes @ 0x0
   160                           
   161                           
   162                           ; 2 bytes @ 0x0
   163  0070                     	ds	3
   164  0073                     ??_main:
   165                           
   166                           ; 1 bytes @ 0x3
   167  0073                     	ds	3
   168  0076                     main@i:
   169                           
   170                           ; 2 bytes @ 0x6
   171  0076                     	ds	2
   172                           
   173                           	psect	maintext
   174  07B4                     __pmaintext:	
   175 ;;
   176 ;;Main: autosize = 0, tempsize = 3, incstack = 0, save=0
   177 ;;
   178 ;; *************** function _main *****************
   179 ;; Defined at:
   180 ;;		line 33 in file "Main.c"
   181 ;; Parameters:    Size  Location     Type
   182 ;;		None
   183 ;; Auto vars:     Size  Location     Type
   184 ;;  i               2    6[COMMON] int 
   185 ;; Return value:  Size  Location     Type
   186 ;;                  2   25[None  ] int 
   187 ;; Registers used:
   188 ;;		wreg, status,2, status,0, btemp+1, pclath, cstack
   189 ;; Tracked objects:
   190 ;;		On entry : B00/0
   191 ;;		On exit  : 0/0
   192 ;;		Unchanged: 0/0
   193 ;; Data sizes:     COMMON   BANK0   BANK1
   194 ;;      Params:         0       0       0
   195 ;;      Locals:         2       0       0
   196 ;;      Temps:          3       0       0
   197 ;;      Totals:         5       0       0
   198 ;;Total ram usage:        5 bytes
   199 ;; Hardware stack levels required when called:    1
   200 ;; This function calls:
   201 ;;		_SendSignal
   202 ;; This function is called by:
   203 ;;		Startup code after reset
   204 ;; This function uses a non-reentrant model
   205 ;;
   206                           
   207                           
   208                           ;psect for function _main
   209  07B4                     _main:
   210  07B4                     l637:	
   211                           ;incstack = 0
   212                           ; Regs used in _main: [wreg+status,2+status,0+btemp+1+pclath+cstack]
   213                           
   214                           
   215                           ;Main.c: 35:    GP5=1;
   216  07B4  1283               	bcf	3,5	;RP0=0, select bank0
   217  07B5  1685               	bsf	5,5	;volatile
   218  07B6                     l639:
   219                           
   220                           ;Main.c: 36:    GPIO=0;
   221  07B6  0185               	clrf	5	;volatile
   222                           
   223                           ;Main.c: 37:    ANSEL=0;
   224  07B7  1683               	bsf	3,5	;RP0=1, select bank1
   225  07B8  019F               	clrf	31	;volatile
   226  07B9                     l641:
   227                           
   228                           ;Main.c: 38:    CMCON0 = 7;
   229  07B9  3007               	movlw	7
   230  07BA  1283               	bcf	3,5	;RP0=0, select bank0
   231  07BB  0099               	movwf	25	;volatile
   232  07BC                     l643:
   233                           
   234                           ;Main.c: 39:    TRISIO=0b010001;
   235  07BC  3011               	movlw	17
   236  07BD  1683               	bsf	3,5	;RP0=1, select bank1
   237  07BE  0085               	movwf	5	;volatile
   238  07BF                     l645:
   239                           
   240                           ;Main.c: 42:    {;Main.c: 45:        if (GP0==1)
   241  07BF  1283               	bcf	3,5	;RP0=0, select bank0
   242  07C0  1C05               	btfss	5,0	;volatile
   243  07C1  2FC3               	goto	u11
   244  07C2  2FC4               	goto	u10
   245  07C3                     u11:
   246  07C3  2FFB               	goto	l27
   247  07C4                     u10:
   248  07C4                     l647:
   249                           
   250                           ;Main.c: 46:        {;Main.c: 47:         SendSignal();
   251  07C4  2799               	fcall	_SendSignal
   252  07C5                     l649:
   253                           
   254                           ;Main.c: 48:         for(i=1; i<=3; i++)
   255  07C5  3001               	movlw	1
   256  07C6  00F6               	movwf	main@i
   257  07C7  3000               	movlw	0
   258  07C8  00F7               	movwf	main@i+1
   259  07C9                     l28:
   260                           
   261                           ;Main.c: 49:         {;Main.c: 50:            GP2=1;
   262  07C9  1283               	bcf	3,5	;RP0=0, select bank0
   263  07CA  1505               	bsf	5,2	;volatile
   264  07CB                     l655:
   265                           
   266                           ;Main.c: 51:            _delay((unsigned long)((1000)*(4000000/4000.0)));
   267  07CB  3006               	movlw	6
   268  07CC  00F5               	movwf	??_main+2
   269  07CD  3013               	movlw	19
   270  07CE  00F4               	movwf	??_main+1
   271  07CF  30AD               	movlw	173
   272  07D0  00F3               	movwf	??_main
   273  07D1                     u37:
   274  07D1  0BF3               	decfsz	??_main,f
   275  07D2  2FD1               	goto	u37
   276  07D3  0BF4               	decfsz	??_main+1,f
   277  07D4  2FD1               	goto	u37
   278  07D5  0BF5               	decfsz	??_main+2,f
   279  07D6  2FD1               	goto	u37
   280  07D7  2FD8               	nop2
   281  07D8                     l657:
   282                           
   283                           ;Main.c: 52:            GP2=0;
   284  07D8  1283               	bcf	3,5	;RP0=0, select bank0
   285  07D9  1105               	bcf	5,2	;volatile
   286                           
   287                           ;Main.c: 53:            _delay((unsigned long)((1000)*(4000000/4000.0)));
   288  07DA  3006               	movlw	6
   289  07DB  00F5               	movwf	??_main+2
   290  07DC  3013               	movlw	19
   291  07DD  00F4               	movwf	??_main+1
   292  07DE  30AD               	movlw	173
   293  07DF  00F3               	movwf	??_main
   294  07E0                     u47:
   295  07E0  0BF3               	decfsz	??_main,f
   296  07E1  2FE0               	goto	u47
   297  07E2  0BF4               	decfsz	??_main+1,f
   298  07E3  2FE0               	goto	u47
   299  07E4  0BF5               	decfsz	??_main+2,f
   300  07E5  2FE0               	goto	u47
   301  07E6  2FE7               	nop2
   302                           
   303                           ;Main.c: 54:         }
   304  07E7  3001               	movlw	1
   305  07E8  07F6               	addwf	main@i,f
   306  07E9  1803               	skipnc
   307  07EA  0AF7               	incf	main@i+1,f
   308  07EB  3000               	movlw	0
   309  07EC  07F7               	addwf	main@i+1,f
   310  07ED                     l659:
   311  07ED  0877               	movf	main@i+1,w
   312  07EE  3A80               	xorlw	128
   313  07EF  00FF               	movwf	btemp+1
   314  07F0  3080               	movlw	128
   315  07F1  027F               	subwf	btemp+1,w
   316  07F2  1D03               	skipz
   317  07F3  2FF6               	goto	u25
   318  07F4  3004               	movlw	4
   319  07F5  0276               	subwf	main@i,w
   320  07F6                     u25:
   321  07F6  1C03               	skipc
   322  07F7  2FF9               	goto	u21
   323  07F8  2FFA               	goto	u20
   324  07F9                     u21:
   325  07F9  2FC9               	goto	l28
   326  07FA                     u20:
   327  07FA  2FBF               	goto	l645
   328  07FB                     l27:	
   329                           ;Main.c: 57:        else
   330                           
   331                           
   332                           ;Main.c: 58:        {;Main.c: 59:            GP2=0;
   333  07FB  1105               	bcf	5,2	;volatile
   334  07FC  2FBF               	goto	l645
   335  07FD  2800               	ljmp	start
   336  07FE                     __end_of_main:
   337                           
   338                           	psect	text1
   339  0799                     __ptext1:	
   340 ;; *************** function _SendSignal *****************
   341 ;; Defined at:
   342 ;;		line 22 in file "Main.c"
   343 ;; Parameters:    Size  Location     Type
   344 ;;		None
   345 ;; Auto vars:     Size  Location     Type
   346 ;;		None
   347 ;; Return value:  Size  Location     Type
   348 ;;                  1    wreg      void 
   349 ;; Registers used:
   350 ;;		wreg, status,2
   351 ;; Tracked objects:
   352 ;;		On entry : 0/0
   353 ;;		On exit  : 0/0
   354 ;;		Unchanged: 0/0
   355 ;; Data sizes:     COMMON   BANK0   BANK1
   356 ;;      Params:         0       0       0
   357 ;;      Locals:         0       0       0
   358 ;;      Temps:          3       0       0
   359 ;;      Totals:         3       0       0
   360 ;;Total ram usage:        3 bytes
   361 ;; Hardware stack levels used:    1
   362 ;; This function calls:
   363 ;;		Nothing
   364 ;; This function is called by:
   365 ;;		_main
   366 ;; This function uses a non-reentrant model
   367 ;;
   368                           
   369                           
   370                           ;psect for function _SendSignal
   371  0799                     _SendSignal:
   372  0799                     l625:	
   373                           ;incstack = 0
   374                           ; Regs used in _SendSignal: [wreg+status,2]
   375                           
   376                           
   377                           ;Main.c: 25:    GPIO=0;
   378  0799  1283               	bcf	3,5	;RP0=0, select bank0
   379  079A  0185               	clrf	5	;volatile
   380                           
   381                           ;Main.c: 26:    ANSEL=0;
   382  079B  1683               	bsf	3,5	;RP0=1, select bank1
   383  079C  019F               	clrf	31	;volatile
   384  079D                     l627:
   385                           
   386                           ;Main.c: 27:    CMCON0 = 7;
   387  079D  3007               	movlw	7
   388  079E  1283               	bcf	3,5	;RP0=0, select bank0
   389  079F  0099               	movwf	25	;volatile
   390  07A0                     l629:
   391                           
   392                           ;Main.c: 28:    TRISIO=0b010001;
   393  07A0  3011               	movlw	17
   394  07A1  1683               	bsf	3,5	;RP0=1, select bank1
   395  07A2  0085               	movwf	5	;volatile
   396  07A3                     l631:
   397                           
   398                           ;Main.c: 29:     TRISIO5=0;
   399  07A3  1285               	bcf	5,5	;volatile
   400  07A4                     l633:
   401                           
   402                           ;Main.c: 30:     _delay((unsigned long)((1000)*(4000000/4000.0)));
   403  07A4  3006               	movlw	6
   404  07A5  00F2               	movwf	??_SendSignal+2
   405  07A6  3013               	movlw	19
   406  07A7  00F1               	movwf	??_SendSignal+1
   407  07A8  30AD               	movlw	173
   408  07A9  00F0               	movwf	??_SendSignal
   409  07AA                     u57:
   410  07AA  0BF0               	decfsz	??_SendSignal,f
   411  07AB  2FAA               	goto	u57
   412  07AC  0BF1               	decfsz	??_SendSignal+1,f
   413  07AD  2FAA               	goto	u57
   414  07AE  0BF2               	decfsz	??_SendSignal+2,f
   415  07AF  2FAA               	goto	u57
   416  07B0  2FB1               	nop2
   417  07B1                     l635:
   418                           
   419                           ;Main.c: 31:     TRISIO5=1;
   420  07B1  1683               	bsf	3,5	;RP0=1, select bank1
   421  07B2  1685               	bsf	5,5	;volatile
   422  07B3                     l21:
   423  07B3  0008               	return
   424  07B4                     __end_of_SendSignal:
   425  007E                     btemp	set	126	;btemp
   426  007E                     wtemp0	set	126
   427                           
   428                           	psect	config
   429                           
   430                           ;Config register CONFIG @ 0x2007
   431                           ;	Oscillator Selection bits
   432                           ;	FOSC = INTOSCIO, INTOSCIO oscillator: I/O function on RA4/OSC2/CLKOUT pin, I/O functio
      +                          n on RA5/OSC1/CLKIN
   433                           ;	Watchdog Timer Enable bit
   434                           ;	WDTE = OFF, WDT disabled
   435                           ;	Power-up Timer Enable bit
   436                           ;	PWRTE = OFF, PWRT disabled
   437                           ;	MCLR Pin Function Select bit
   438                           ;	MCLRE = OFF, MCLR pin function is digital input, MCLR internally tied to VDD
   439                           ;	Code Protection bit
   440                           ;	CP = OFF, Program memory code protection is disabled
   441                           ;	Data Code Protection bit
   442                           ;	CPD = OFF, Data memory code protection is disabled
   443                           ;	Brown Out Detect
   444                           ;	BOREN = OFF, BOR disabled
   445                           ;	Internal External Switchover bit
   446                           ;	IESO = OFF, Internal External Switchover mode is disabled
   447                           ;	Fail-Safe Clock Monitor Enabled bit
   448                           ;	FCMEN = OFF, Fail-Safe Clock Monitor is disabled
   449  2007                     	org	8199
   450  2007  30D4               	dw	12500

Data Sizes:
    Strings     0
    Constant    0
    Data        0
    BSS         0
    Persistent  0
    Stack       0

Auto Spaces:
    Space          Size  Autos    Used
    COMMON           14      8       8
    BANK0            80      0       0
    BANK1            32      0       0

Pointer List with Targets:

    None.

Critical Paths under _main in COMMON

    _main->_SendSignal

Critical Paths under _main in BANK0

    None.

Critical Paths under _main in BANK1

    None.

Call Graph Tables:

 ---------------------------------------------------------------------------------
 (Depth) Function   	        Calls       Base Space   Used Autos Params    Refs
 ---------------------------------------------------------------------------------
 (0) _main                                                 5     5      0      30
                                              3 COMMON     5     5      0
                         _SendSignal
 ---------------------------------------------------------------------------------
 (1) _SendSignal                                           3     3      0       0
                                              0 COMMON     3     3      0
 ---------------------------------------------------------------------------------
 Estimated maximum stack depth 1
 ---------------------------------------------------------------------------------

 Call Graph Graphs:

 _main (ROOT)
   _SendSignal

 Address spaces:
Name               Size   Autos  Total    Cost      Usage
BITCOMMON            E      0       0       0        0.0%
EEDATA             100      0       0       0        0.0%
NULL                 0      0       0       0        0.0%
CODE                 0      0       0       0        0.0%
COMMON               E      8       8       1       57.1%
BITSFR0              0      0       0       1        0.0%
SFR0                 0      0       0       1        0.0%
BITSFR1              0      0       0       2        0.0%
SFR1                 0      0       0       2        0.0%
STACK                0      0       0       2        0.0%
BITBANK0            50      0       0       3        0.0%
BANK0               50      0       0       4        0.0%
BANK1               20      0       0       5        0.0%
ABS                  0      0       0       6        0.0%
BITBANK1            20      0       0       7        0.0%
DATA                 0      0       0       8        0.0%


Microchip Technology PIC Macro Assembler V2.30 build 20200825195618 
Symbol Table                                                                                   Wed Aug 11 17:22:34 2021

                     l21 07B3                       l27 07FB                       l28 07C9  
                     u10 07C4                       u11 07C3                       u20 07FA  
                     u21 07F9                       u25 07F6                       u37 07D1  
                     u47 07E0                       u57 07AA                      l631 07A3  
                    l633 07A4                      l625 0799                      l641 07B9  
                    l635 07B1                      l627 079D                      l643 07BC  
                    l629 07A0                      l645 07BF                      l637 07B4  
                    l655 07CB                      l647 07C4                      l639 07B6  
                    l657 07D8                      l649 07C5                      l659 07ED  
                    _GP0 0028                      _GP2 002A                      _GP5 002D  
                   _GPIO 0005                     _main 07B4                     btemp 007E  
                   start 0000                    ?_main 0070                    _ANSEL 009F  
                  main@i 0076                    status 0003                    wtemp0 007E  
        __initialization 07FE             __end_of_main 07FE                   ??_main 0073  
                 _CMCON0 0019               _SendSignal 0799                   _TRISIO 0085  
__end_of__initialization 07FE           __pcstackCOMMON 0070              ?_SendSignal 0070  
             __pmaintext 07B4                  _TRISIO5 042D      __size_of_SendSignal 001B  
                __ptext1 0799     end_of_initialization 07FE      start_initialization 07FE  
           ??_SendSignal 0070       __end_of_SendSignal 07B4                ___latbits 0000  
          __size_of_main 004A  
